[0.190s] Invoking command in '/acc/arm_controller_ik_exps/src/robot_ikr': PYTHONPATH=/acc/install/robot_ikr/lib/python3.6/site-packages:${PYTHONPATH} /usr/bin/python3 setup.py egg_info --egg-base ../../../build/robot_ikr build --build-base /acc/build/robot_ikr/build install --prefix /acc/install/robot_ikr --record /acc/build/robot_ikr/install.log --single-version-externally-managed
[0.351s] running egg_info
[0.351s] writing ../../../build/robot_ikr/robot_ikr.egg-info/PKG-INFO
[0.352s] writing dependency_links to ../../../build/robot_ikr/robot_ikr.egg-info/dependency_links.txt
[0.352s] writing entry points to ../../../build/robot_ikr/robot_ikr.egg-info/entry_points.txt
[0.352s] writing requirements to ../../../build/robot_ikr/robot_ikr.egg-info/requires.txt
[0.352s] writing top-level names to ../../../build/robot_ikr/robot_ikr.egg-info/top_level.txt
[0.372s] reading manifest file '../../../build/robot_ikr/robot_ikr.egg-info/SOURCES.txt'
[0.373s] writing manifest file '../../../build/robot_ikr/robot_ikr.egg-info/SOURCES.txt'
[0.373s] running build
[0.373s] running build_py
[0.373s] copying robot_ikr/robot_control.py -> /acc/build/robot_ikr/build/lib/robot_ikr
[0.374s] running install
[0.374s] running install_lib
[0.374s] copying /acc/build/robot_ikr/build/lib/robot_ikr/robot_control.py -> /acc/install/robot_ikr/lib/python3.6/site-packages/robot_ikr
[0.374s] writing byte-compilation script '/tmp/tmpbcskdmu0.py'
[0.374s] /usr/bin/python3 -O /tmp/tmpbcskdmu0.py
[0.402s] removing /tmp/tmpbcskdmu0.py
[0.402s] running install_data
[0.402s] running install_egg_info
[0.405s] removing '/acc/install/robot_ikr/lib/python3.6/site-packages/robot_ikr-0.0.0-py3.6.egg-info' (and everything under it)
[0.405s] Copying ../../../build/robot_ikr/robot_ikr.egg-info to /acc/install/robot_ikr/lib/python3.6/site-packages/robot_ikr-0.0.0-py3.6.egg-info
[0.406s] running install_scripts
[0.423s] Installing robot_control script to /acc/install/robot_ikr/lib/robot_ikr
[0.423s] writing list of installed files to '/acc/build/robot_ikr/install.log'
[0.435s] Invoked command in '/acc/arm_controller_ik_exps/src/robot_ikr' returned '0': PYTHONPATH=/acc/install/robot_ikr/lib/python3.6/site-packages:${PYTHONPATH} /usr/bin/python3 setup.py egg_info --egg-base ../../../build/robot_ikr build --build-base /acc/build/robot_ikr/build install --prefix /acc/install/robot_ikr --record /acc/build/robot_ikr/install.log --single-version-externally-managed
