running egg_info
writing ../../../build/robot_ikr/robot_ikr.egg-info/PKG-INFO
writing dependency_links to ../../../build/robot_ikr/robot_ikr.egg-info/dependency_links.txt
writing entry points to ../../../build/robot_ikr/robot_ikr.egg-info/entry_points.txt
writing requirements to ../../../build/robot_ikr/robot_ikr.egg-info/requires.txt
writing top-level names to ../../../build/robot_ikr/robot_ikr.egg-info/top_level.txt
reading manifest file '../../../build/robot_ikr/robot_ikr.egg-info/SOURCES.txt'
writing manifest file '../../../build/robot_ikr/robot_ikr.egg-info/SOURCES.txt'
running build
running build_py
copying robot_ikr/robot_control.py -> /acc/build/robot_ikr/build/lib/robot_ikr
running install
running install_lib
copying /acc/build/robot_ikr/build/lib/robot_ikr/robot_control.py -> /acc/install/robot_ikr/lib/python3.6/site-packages/robot_ikr
writing byte-compilation script '/tmp/tmpstblnsxq.py'
/usr/bin/python3 -O /tmp/tmpstblnsxq.py
removing /tmp/tmpstblnsxq.py
running install_data
running install_egg_info
removing '/acc/install/robot_ikr/lib/python3.6/site-packages/robot_ikr-0.0.0-py3.6.egg-info' (and everything under it)
Copying ../../../build/robot_ikr/robot_ikr.egg-info to /acc/install/robot_ikr/lib/python3.6/site-packages/robot_ikr-0.0.0-py3.6.egg-info
running install_scripts
Installing robot_control script to /acc/install/robot_ikr/lib/robot_ikr
writing list of installed files to '/acc/build/robot_ikr/install.log'
