[0.141s] DEBUG:colcon:Command line arguments: ['/usr/bin/colcon', 'build']
[0.141s] DEBUG:colcon:Parsed command line arguments: Namespace(ament_cmake_args=None, base_paths=['.'], build_base='build', catkin_cmake_args=None, catkin_skip_building_tests=False, cmake_args=None, cmake_clean_cache=False, cmake_clean_first=False, cmake_force_configure=False, cmake_target=None, cmake_target_skip_unavailable=False, continue_on_error=False, event_handlers=None, executor='parallel', ignore_user_meta=False, install_base='install', log_base=None, log_level=None, main=<bound method BuildVerb.main of <colcon_core.verb.build.BuildVerb object at 0x7fdd30455828>>, merge_install=False, metas=['./colcon.meta'], packages_above=None, packages_above_and_dependencies=None, packages_above_depth=None, packages_end=None, packages_ignore=None, packages_ignore_regex=None, packages_select=None, packages_select_build_failed=False, packages_select_by_dep=None, packages_select_regex=None, packages_select_test_failures=False, packages_skip=None, packages_skip_build_finished=False, packages_skip_by_dep=None, packages_skip_regex=None, packages_skip_test_passed=False, packages_skip_up_to=None, packages_start=None, packages_up_to=None, packages_up_to_regex=None, parallel_workers=24, paths=None, symlink_install=False, test_result_base=None, verb_extension=<colcon_core.verb.build.BuildVerb object at 0x7fdd30455828>, verb_name='build', verb_parser=<colcon_defaults.argument_parser.defaults.DefaultArgumentsDecorator object at 0x7fdd30455ba8>)
[0.146s] Level 1:colcon.colcon_core.package_discovery:discover_packages(colcon_meta) check parameters
[0.146s] Level 1:colcon.colcon_core.package_discovery:discover_packages(recursive) check parameters
[0.146s] Level 1:colcon.colcon_core.package_discovery:discover_packages(ignore) check parameters
[0.146s] Level 1:colcon.colcon_core.package_discovery:discover_packages(path) check parameters
[0.146s] Level 1:colcon.colcon_core.package_discovery:discover_packages(colcon_meta) discover
[0.146s] Level 1:colcon.colcon_core.package_discovery:discover_packages(recursive) discover
[0.146s] INFO:colcon.colcon_core.package_discovery:Crawling recursively for packages in '/acc/arm_controller_ik_exps'
[0.146s] Level 1:colcon.colcon_core.package_identification:_identify(.) by extensions ['ignore', 'ignore_ament_install']
[0.146s] Level 1:colcon.colcon_core.package_identification:_identify(.) by extension 'ignore'
[0.146s] Level 1:colcon.colcon_core.package_identification:_identify(.) by extension 'ignore_ament_install'
[0.146s] Level 1:colcon.colcon_core.package_identification:_identify(.) by extensions ['colcon_pkg']
[0.147s] Level 1:colcon.colcon_core.package_identification:_identify(.) by extension 'colcon_pkg'
[0.147s] Level 1:colcon.colcon_core.package_identification:_identify(.) by extensions ['colcon_meta']
[0.147s] Level 1:colcon.colcon_core.package_identification:_identify(.) by extension 'colcon_meta'
[0.147s] Level 1:colcon.colcon_core.package_identification:_identify(.) by extensions ['ros']
[0.147s] Level 1:colcon.colcon_core.package_identification:_identify(.) by extension 'ros'
[0.156s] Level 1:colcon.colcon_core.package_identification:_identify(.) by extensions ['cmake', 'python']
[0.156s] Level 1:colcon.colcon_core.package_identification:_identify(.) by extension 'cmake'
[0.156s] Level 1:colcon.colcon_core.package_identification:_identify(.) by extension 'python'
[0.156s] Level 1:colcon.colcon_core.package_identification:_identify(.) by extensions ['python_setup_py']
[0.156s] Level 1:colcon.colcon_core.package_identification:_identify(.) by extension 'python_setup_py'
[0.156s] Level 1:colcon.colcon_core.package_identification:_identify(build) by extensions ['ignore', 'ignore_ament_install']
[0.157s] Level 1:colcon.colcon_core.package_identification:_identify(build) by extension 'ignore'
[0.157s] Level 1:colcon.colcon_core.package_identification:_identify(build) ignored
[0.157s] Level 1:colcon.colcon_core.package_identification:_identify(install) by extensions ['ignore', 'ignore_ament_install']
[0.157s] Level 1:colcon.colcon_core.package_identification:_identify(install) by extension 'ignore'
[0.157s] Level 1:colcon.colcon_core.package_identification:_identify(install) ignored
[0.157s] Level 1:colcon.colcon_core.package_identification:_identify(log) by extensions ['ignore', 'ignore_ament_install']
[0.157s] Level 1:colcon.colcon_core.package_identification:_identify(log) by extension 'ignore'
[0.157s] Level 1:colcon.colcon_core.package_identification:_identify(log) ignored
[0.157s] Level 1:colcon.colcon_core.package_identification:_identify(src) by extensions ['ignore', 'ignore_ament_install']
[0.157s] Level 1:colcon.colcon_core.package_identification:_identify(src) by extension 'ignore'
[0.157s] Level 1:colcon.colcon_core.package_identification:_identify(src) by extension 'ignore_ament_install'
[0.157s] Level 1:colcon.colcon_core.package_identification:_identify(src) by extensions ['colcon_pkg']
[0.157s] Level 1:colcon.colcon_core.package_identification:_identify(src) by extension 'colcon_pkg'
[0.157s] Level 1:colcon.colcon_core.package_identification:_identify(src) by extensions ['colcon_meta']
[0.157s] Level 1:colcon.colcon_core.package_identification:_identify(src) by extension 'colcon_meta'
[0.158s] Level 1:colcon.colcon_core.package_identification:_identify(src) by extensions ['ros']
[0.158s] Level 1:colcon.colcon_core.package_identification:_identify(src) by extension 'ros'
[0.158s] Level 1:colcon.colcon_core.package_identification:_identify(src) by extensions ['cmake', 'python']
[0.158s] Level 1:colcon.colcon_core.package_identification:_identify(src) by extension 'cmake'
[0.158s] Level 1:colcon.colcon_core.package_identification:_identify(src) by extension 'python'
[0.158s] Level 1:colcon.colcon_core.package_identification:_identify(src) by extensions ['python_setup_py']
[0.158s] Level 1:colcon.colcon_core.package_identification:_identify(src) by extension 'python_setup_py'
[0.158s] Level 1:colcon.colcon_core.package_identification:_identify(src/robot_ikr) by extensions ['ignore', 'ignore_ament_install']
[0.158s] Level 1:colcon.colcon_core.package_identification:_identify(src/robot_ikr) by extension 'ignore'
[0.158s] Level 1:colcon.colcon_core.package_identification:_identify(src/robot_ikr) by extension 'ignore_ament_install'
[0.158s] Level 1:colcon.colcon_core.package_identification:_identify(src/robot_ikr) by extensions ['colcon_pkg']
[0.158s] Level 1:colcon.colcon_core.package_identification:_identify(src/robot_ikr) by extension 'colcon_pkg'
[0.158s] Level 1:colcon.colcon_core.package_identification:_identify(src/robot_ikr) by extensions ['colcon_meta']
[0.158s] Level 1:colcon.colcon_core.package_identification:_identify(src/robot_ikr) by extension 'colcon_meta'
[0.158s] Level 1:colcon.colcon_core.package_identification:_identify(src/robot_ikr) by extensions ['ros']
[0.158s] Level 1:colcon.colcon_core.package_identification:_identify(src/robot_ikr) by extension 'ros'
[0.160s] DEBUG:colcon.colcon_core.package_identification:Package 'src/robot_ikr' with type 'ros.ament_python' and name 'robot_ikr'
[0.160s] Level 1:colcon.colcon_core.package_identification:_identify(src/ros2_rsv) by extensions ['ignore', 'ignore_ament_install']
[0.160s] Level 1:colcon.colcon_core.package_identification:_identify(src/ros2_rsv) by extension 'ignore'
[0.160s] Level 1:colcon.colcon_core.package_identification:_identify(src/ros2_rsv) by extension 'ignore_ament_install'
[0.160s] Level 1:colcon.colcon_core.package_identification:_identify(src/ros2_rsv) by extensions ['colcon_pkg']
[0.160s] Level 1:colcon.colcon_core.package_identification:_identify(src/ros2_rsv) by extension 'colcon_pkg'
[0.160s] Level 1:colcon.colcon_core.package_identification:_identify(src/ros2_rsv) by extensions ['colcon_meta']
[0.160s] Level 1:colcon.colcon_core.package_identification:_identify(src/ros2_rsv) by extension 'colcon_meta'
[0.160s] Level 1:colcon.colcon_core.package_identification:_identify(src/ros2_rsv) by extensions ['ros']
[0.160s] Level 1:colcon.colcon_core.package_identification:_identify(src/ros2_rsv) by extension 'ros'
[0.161s] DEBUG:colcon.colcon_core.package_identification:Package 'src/ros2_rsv' with type 'ros.ament_python' and name 'ros2_rsv'
[0.161s] Level 1:colcon.colcon_core.package_discovery:discover_packages(recursive) using defaults
[0.161s] Level 1:colcon.colcon_core.package_discovery:discover_packages(ignore) discover
[0.161s] Level 1:colcon.colcon_core.package_discovery:discover_packages(ignore) using defaults
[0.161s] Level 1:colcon.colcon_core.package_discovery:discover_packages(path) discover
[0.161s] Level 1:colcon.colcon_core.package_discovery:discover_packages(path) using defaults
[0.181s] Level 5:colcon.colcon_core.verb:set package 'robot_ikr' build argument 'cmake_args' from command line to 'None'
[0.181s] Level 5:colcon.colcon_core.verb:set package 'robot_ikr' build argument 'cmake_target' from command line to 'None'
[0.181s] Level 5:colcon.colcon_core.verb:set package 'robot_ikr' build argument 'cmake_target_skip_unavailable' from command line to 'False'
[0.181s] Level 5:colcon.colcon_core.verb:set package 'robot_ikr' build argument 'cmake_clean_cache' from command line to 'False'
[0.181s] Level 5:colcon.colcon_core.verb:set package 'robot_ikr' build argument 'cmake_clean_first' from command line to 'False'
[0.181s] Level 5:colcon.colcon_core.verb:set package 'robot_ikr' build argument 'cmake_force_configure' from command line to 'False'
[0.181s] Level 5:colcon.colcon_core.verb:set package 'robot_ikr' build argument 'ament_cmake_args' from command line to 'None'
[0.181s] Level 5:colcon.colcon_core.verb:set package 'robot_ikr' build argument 'catkin_cmake_args' from command line to 'None'
[0.181s] Level 5:colcon.colcon_core.verb:set package 'robot_ikr' build argument 'catkin_skip_building_tests' from command line to 'False'
[0.181s] DEBUG:colcon.colcon_core.verb:Building package 'robot_ikr' with the following arguments: {'ament_cmake_args': None, 'build_base': '/acc/arm_controller_ik_exps/build/robot_ikr', 'catkin_cmake_args': None, 'catkin_skip_building_tests': False, 'cmake_args': None, 'cmake_clean_cache': False, 'cmake_clean_first': False, 'cmake_force_configure': False, 'cmake_target': None, 'cmake_target_skip_unavailable': False, 'install_base': '/acc/arm_controller_ik_exps/install/robot_ikr', 'merge_install': False, 'path': '/acc/arm_controller_ik_exps/src/robot_ikr', 'symlink_install': False, 'test_result_base': None}
[0.184s] Level 5:colcon.colcon_core.verb:set package 'ros2_rsv' build argument 'cmake_args' from command line to 'None'
[0.184s] Level 5:colcon.colcon_core.verb:set package 'ros2_rsv' build argument 'cmake_target' from command line to 'None'
[0.184s] Level 5:colcon.colcon_core.verb:set package 'ros2_rsv' build argument 'cmake_target_skip_unavailable' from command line to 'False'
[0.184s] Level 5:colcon.colcon_core.verb:set package 'ros2_rsv' build argument 'cmake_clean_cache' from command line to 'False'
[0.184s] Level 5:colcon.colcon_core.verb:set package 'ros2_rsv' build argument 'cmake_clean_first' from command line to 'False'
[0.184s] Level 5:colcon.colcon_core.verb:set package 'ros2_rsv' build argument 'cmake_force_configure' from command line to 'False'
[0.184s] Level 5:colcon.colcon_core.verb:set package 'ros2_rsv' build argument 'ament_cmake_args' from command line to 'None'
[0.184s] Level 5:colcon.colcon_core.verb:set package 'ros2_rsv' build argument 'catkin_cmake_args' from command line to 'None'
[0.184s] Level 5:colcon.colcon_core.verb:set package 'ros2_rsv' build argument 'catkin_skip_building_tests' from command line to 'False'
[0.184s] DEBUG:colcon.colcon_core.verb:Building package 'ros2_rsv' with the following arguments: {'ament_cmake_args': None, 'build_base': '/acc/arm_controller_ik_exps/build/ros2_rsv', 'catkin_cmake_args': None, 'catkin_skip_building_tests': False, 'cmake_args': None, 'cmake_clean_cache': False, 'cmake_clean_first': False, 'cmake_force_configure': False, 'cmake_target': None, 'cmake_target_skip_unavailable': False, 'install_base': '/acc/arm_controller_ik_exps/install/ros2_rsv', 'merge_install': False, 'path': '/acc/arm_controller_ik_exps/src/ros2_rsv', 'symlink_install': False, 'test_result_base': None}
[0.184s] INFO:colcon.colcon_core.executor:Executing jobs using 'parallel' executor
[0.186s] DEBUG:colcon.colcon_parallel_executor.executor.parallel:run_until_complete
[0.186s] INFO:colcon.colcon_ros.task.ament_python.build:Building ROS package in '/acc/arm_controller_ik_exps/src/robot_ikr' with build type 'ament_python'
[0.187s] Level 1:colcon.colcon_core.shell:create_environment_hook('robot_ikr', 'ament_prefix_path')
[0.189s] INFO:colcon.colcon_core.plugin_system:Skipping extension 'colcon_core.shell.bat': Not used on non-Windows systems
[0.189s] INFO:colcon.colcon_core.shell:Creating environment hook '/acc/arm_controller_ik_exps/install/robot_ikr/share/robot_ikr/hook/ament_prefix_path.ps1'
[0.190s] INFO:colcon.colcon_core.shell:Creating environment descriptor '/acc/arm_controller_ik_exps/install/robot_ikr/share/robot_ikr/hook/ament_prefix_path.dsv'
[0.190s] INFO:colcon.colcon_core.shell:Creating environment hook '/acc/arm_controller_ik_exps/install/robot_ikr/share/robot_ikr/hook/ament_prefix_path.sh'
[0.191s] INFO:colcon.colcon_core.shell:Skip shell extension 'powershell' for command environment: Not usable outside of PowerShell
[0.191s] DEBUG:colcon.colcon_core.shell:Skip shell extension 'dsv' for command environment
[0.193s] DEBUG:colcon.colcon_core.shell:Ignoring prefix path '/opt/ros/dashing'
[0.195s] INFO:colcon.colcon_ros.task.ament_python.build:Building ROS package in '/acc/arm_controller_ik_exps/src/ros2_rsv' with build type 'ament_python'
[0.195s] Level 1:colcon.colcon_core.shell:create_environment_hook('ros2_rsv', 'ament_prefix_path')
[0.196s] INFO:colcon.colcon_core.shell:Creating environment hook '/acc/arm_controller_ik_exps/install/ros2_rsv/share/ros2_rsv/hook/ament_prefix_path.ps1'
[0.196s] INFO:colcon.colcon_core.shell:Creating environment descriptor '/acc/arm_controller_ik_exps/install/ros2_rsv/share/ros2_rsv/hook/ament_prefix_path.dsv'
[0.197s] INFO:colcon.colcon_core.shell:Creating environment hook '/acc/arm_controller_ik_exps/install/ros2_rsv/share/ros2_rsv/hook/ament_prefix_path.sh'
[0.197s] INFO:colcon.colcon_core.shell:Skip shell extension 'powershell' for command environment: Not usable outside of PowerShell
[0.198s] DEBUG:colcon.colcon_core.shell:Skip shell extension 'dsv' for command environment
[0.199s] DEBUG:colcon.colcon_core.shell:Ignoring prefix path '/opt/ros/dashing'
[0.382s] INFO:colcon.colcon_core.task.python.build:Building Python package in '/acc/arm_controller_ik_exps/src/robot_ikr'
[0.383s] INFO:colcon.colcon_core.shell:Skip shell extension 'powershell' for command environment: Not usable outside of PowerShell
[0.383s] DEBUG:colcon.colcon_core.shell:Skip shell extension 'dsv' for command environment
[0.387s] DEBUG:colcon.colcon_core.shell:Ignoring prefix path '/opt/ros/dashing'
[0.566s] INFO:colcon.colcon_core.task.python.build:Building Python package in '/acc/arm_controller_ik_exps/src/ros2_rsv'
[0.567s] INFO:colcon.colcon_core.shell:Skip shell extension 'powershell' for command environment: Not usable outside of PowerShell
[0.568s] DEBUG:colcon.colcon_core.shell:Skip shell extension 'dsv' for command environment
[0.570s] DEBUG:colcon.colcon_core.shell:Ignoring prefix path '/opt/ros/dashing'
[0.575s] DEBUG:colcon.colcon_core.event_handler.log_command:Invoking command in '/acc/arm_controller_ik_exps/src/robot_ikr': PYTHONPATH=/acc/arm_controller_ik_exps/install/robot_ikr/lib/python3.6/site-packages:${PYTHONPATH} /usr/bin/python3 setup.py egg_info --egg-base ../../build/robot_ikr build --build-base /acc/arm_controller_ik_exps/build/robot_ikr/build install --prefix /acc/arm_controller_ik_exps/install/robot_ikr --record /acc/arm_controller_ik_exps/build/robot_ikr/install.log --single-version-externally-managed
[0.582s] DEBUG:colcon.colcon_core.event_handler.log_command:Invoking command in '/acc/arm_controller_ik_exps/src/ros2_rsv': PYTHONPATH=/acc/arm_controller_ik_exps/install/ros2_rsv/lib/python3.6/site-packages:${PYTHONPATH} /usr/bin/python3 setup.py egg_info --egg-base ../../build/ros2_rsv build --build-base /acc/arm_controller_ik_exps/build/ros2_rsv/build install --prefix /acc/arm_controller_ik_exps/install/ros2_rsv --record /acc/arm_controller_ik_exps/build/ros2_rsv/install.log --single-version-externally-managed
[0.792s] DEBUG:colcon.colcon_core.event_handler.log_command:Invoked command in '/acc/arm_controller_ik_exps/src/robot_ikr' returned '0': PYTHONPATH=/acc/arm_controller_ik_exps/install/robot_ikr/lib/python3.6/site-packages:${PYTHONPATH} /usr/bin/python3 setup.py egg_info --egg-base ../../build/robot_ikr build --build-base /acc/arm_controller_ik_exps/build/robot_ikr/build install --prefix /acc/arm_controller_ik_exps/install/robot_ikr --record /acc/arm_controller_ik_exps/build/robot_ikr/install.log --single-version-externally-managed
[0.796s] Level 1:colcon.colcon_core.environment:checking '/acc/arm_controller_ik_exps/install/robot_ikr' for CMake module files
[0.796s] Level 1:colcon.colcon_core.environment:checking '/acc/arm_controller_ik_exps/install/robot_ikr' for CMake config files
[0.798s] Level 1:colcon.colcon_core.environment:checking '/acc/arm_controller_ik_exps/install/robot_ikr/lib'
[0.798s] Level 1:colcon.colcon_core.environment:checking '/acc/arm_controller_ik_exps/install/robot_ikr/bin'
[0.798s] Level 1:colcon.colcon_core.environment:checking '/acc/arm_controller_ik_exps/install/robot_ikr/lib/pkgconfig/robot_ikr.pc'
[0.798s] Level 1:colcon.colcon_core.environment:checking '/acc/arm_controller_ik_exps/install/robot_ikr/lib/python3.6/site-packages'
[0.798s] Level 1:colcon.colcon_core.shell:create_environment_hook('robot_ikr', 'pythonpath')
[0.799s] INFO:colcon.colcon_core.shell:Creating environment hook '/acc/arm_controller_ik_exps/install/robot_ikr/share/robot_ikr/hook/pythonpath.ps1'
[0.799s] INFO:colcon.colcon_core.shell:Creating environment descriptor '/acc/arm_controller_ik_exps/install/robot_ikr/share/robot_ikr/hook/pythonpath.dsv'
[0.800s] INFO:colcon.colcon_core.shell:Creating environment hook '/acc/arm_controller_ik_exps/install/robot_ikr/share/robot_ikr/hook/pythonpath.sh'
[0.800s] Level 1:colcon.colcon_core.environment:create_environment_scripts_only(robot_ikr)
[0.801s] INFO:colcon.colcon_core.shell:Creating package script '/acc/arm_controller_ik_exps/install/robot_ikr/share/robot_ikr/package.ps1'
[0.802s] INFO:colcon.colcon_core.shell:Creating package descriptor '/acc/arm_controller_ik_exps/install/robot_ikr/share/robot_ikr/package.dsv'
[0.802s] INFO:colcon.colcon_core.shell:Creating package script '/acc/arm_controller_ik_exps/install/robot_ikr/share/robot_ikr/package.sh'
[0.803s] INFO:colcon.colcon_core.shell:Creating package script '/acc/arm_controller_ik_exps/install/robot_ikr/share/robot_ikr/package.bash'
[0.804s] INFO:colcon.colcon_core.shell:Creating package script '/acc/arm_controller_ik_exps/install/robot_ikr/share/robot_ikr/package.zsh'
[0.804s] Level 1:colcon.colcon_core.environment:create_file_with_runtime_dependencies(/acc/arm_controller_ik_exps/install/robot_ikr/share/colcon-core/packages/robot_ikr)
[0.811s] Level 1:colcon.colcon_core.environment:checking '/acc/arm_controller_ik_exps/install/ros2_rsv' for CMake module files
[0.811s] DEBUG:colcon.colcon_core.event_handler.log_command:Invoked command in '/acc/arm_controller_ik_exps/src/ros2_rsv' returned '0': PYTHONPATH=/acc/arm_controller_ik_exps/install/ros2_rsv/lib/python3.6/site-packages:${PYTHONPATH} /usr/bin/python3 setup.py egg_info --egg-base ../../build/ros2_rsv build --build-base /acc/arm_controller_ik_exps/build/ros2_rsv/build install --prefix /acc/arm_controller_ik_exps/install/ros2_rsv --record /acc/arm_controller_ik_exps/build/ros2_rsv/install.log --single-version-externally-managed
[0.812s] Level 1:colcon.colcon_core.environment:checking '/acc/arm_controller_ik_exps/install/ros2_rsv' for CMake config files
[0.813s] Level 1:colcon.colcon_core.environment:checking '/acc/arm_controller_ik_exps/install/ros2_rsv/lib'
[0.813s] Level 1:colcon.colcon_core.environment:checking '/acc/arm_controller_ik_exps/install/ros2_rsv/bin'
[0.813s] Level 1:colcon.colcon_core.environment:checking '/acc/arm_controller_ik_exps/install/ros2_rsv/lib/pkgconfig/ros2_rsv.pc'
[0.813s] Level 1:colcon.colcon_core.environment:checking '/acc/arm_controller_ik_exps/install/ros2_rsv/lib/python3.6/site-packages'
[0.813s] Level 1:colcon.colcon_core.shell:create_environment_hook('ros2_rsv', 'pythonpath')
[0.814s] INFO:colcon.colcon_core.shell:Creating environment hook '/acc/arm_controller_ik_exps/install/ros2_rsv/share/ros2_rsv/hook/pythonpath.ps1'
[0.815s] INFO:colcon.colcon_core.shell:Creating environment descriptor '/acc/arm_controller_ik_exps/install/ros2_rsv/share/ros2_rsv/hook/pythonpath.dsv'
[0.815s] INFO:colcon.colcon_core.shell:Creating environment hook '/acc/arm_controller_ik_exps/install/ros2_rsv/share/ros2_rsv/hook/pythonpath.sh'
[0.815s] Level 1:colcon.colcon_core.environment:create_environment_scripts_only(ros2_rsv)
[0.816s] INFO:colcon.colcon_core.shell:Creating package script '/acc/arm_controller_ik_exps/install/ros2_rsv/share/ros2_rsv/package.ps1'
[0.817s] INFO:colcon.colcon_core.shell:Creating package descriptor '/acc/arm_controller_ik_exps/install/ros2_rsv/share/ros2_rsv/package.dsv'
[0.817s] INFO:colcon.colcon_core.shell:Creating package script '/acc/arm_controller_ik_exps/install/ros2_rsv/share/ros2_rsv/package.sh'
[0.817s] INFO:colcon.colcon_core.shell:Creating package script '/acc/arm_controller_ik_exps/install/ros2_rsv/share/ros2_rsv/package.bash'
[0.818s] INFO:colcon.colcon_core.shell:Creating package script '/acc/arm_controller_ik_exps/install/ros2_rsv/share/ros2_rsv/package.zsh'
[0.818s] Level 1:colcon.colcon_core.environment:create_file_with_runtime_dependencies(/acc/arm_controller_ik_exps/install/ros2_rsv/share/colcon-core/packages/ros2_rsv)
[0.818s] DEBUG:colcon.colcon_parallel_executor.executor.parallel:closing loop
[0.818s] DEBUG:colcon.colcon_parallel_executor.executor.parallel:loop closed
[0.818s] DEBUG:colcon.colcon_parallel_executor.executor.parallel:run_until_complete finished with '0'
[0.818s] DEBUG:colcon.colcon_core.event_reactor:joining thread
[0.826s] INFO:colcon.colcon_core.plugin_system:Skipping extension 'colcon_notification.desktop_notification.notify_send': Could not find 'notify-send'
[0.826s] INFO:colcon.colcon_core.plugin_system:Skipping extension 'colcon_notification.desktop_notification.terminal_notifier': Not used on non-Darwin systems
[0.826s] INFO:colcon.colcon_core.plugin_system:Skipping extension 'colcon_notification.desktop_notification.win32': Not used on non-Windows systems
[0.826s] INFO:colcon.colcon_notification.desktop_notification:Sending desktop notification using 'notify2'
[0.828s] DEBUG:colcon.colcon_notification.desktop_notification.notify2:Failed to initialize notify2: org.freedesktop.DBus.Error.Spawn.ExecFailed: /usr/bin/dbus-launch terminated abnormally without any error message
[0.828s] DEBUG:colcon.colcon_core.event_reactor:joined thread
[0.828s] INFO:colcon.colcon_core.shell:Creating prefix script '/acc/arm_controller_ik_exps/install/local_setup.ps1'
[0.829s] INFO:colcon.colcon_core.shell:Creating prefix util module '/acc/arm_controller_ik_exps/install/_local_setup_util_ps1.py'
[0.831s] INFO:colcon.colcon_core.shell:Creating prefix chain script '/acc/arm_controller_ik_exps/install/setup.ps1'
[0.834s] INFO:colcon.colcon_core.shell:Creating prefix script '/acc/arm_controller_ik_exps/install/local_setup.sh'
[0.834s] INFO:colcon.colcon_core.shell:Creating prefix util module '/acc/arm_controller_ik_exps/install/_local_setup_util_sh.py'
[0.834s] INFO:colcon.colcon_core.shell:Creating prefix chain script '/acc/arm_controller_ik_exps/install/setup.sh'
[0.837s] INFO:colcon.colcon_core.shell:Creating prefix script '/acc/arm_controller_ik_exps/install/local_setup.bash'
[0.838s] INFO:colcon.colcon_core.shell:Creating prefix chain script '/acc/arm_controller_ik_exps/install/setup.bash'
[0.840s] INFO:colcon.colcon_core.shell:Creating prefix script '/acc/arm_controller_ik_exps/install/local_setup.zsh'
[0.841s] INFO:colcon.colcon_core.shell:Creating prefix chain script '/acc/arm_controller_ik_exps/install/setup.zsh'
