[0.199s] Invoking command in '/acc/arm_controller_ik_exps/src/robot_ikr': PYTHONPATH=/acc/install/robot_ikr/lib/python3.6/site-packages:${PYTHONPATH} /usr/bin/python3 setup.py egg_info --egg-base ../../../build/robot_ikr build --build-base /acc/build/robot_ikr/build install --prefix /acc/install/robot_ikr --record /acc/build/robot_ikr/install.log --single-version-externally-managed
[0.389s] running egg_info
[0.389s] writing ../../../build/robot_ikr/robot_ikr.egg-info/PKG-INFO
[0.389s] writing dependency_links to ../../../build/robot_ikr/robot_ikr.egg-info/dependency_links.txt
[0.390s] writing entry points to ../../../build/robot_ikr/robot_ikr.egg-info/entry_points.txt
[0.390s] writing requirements to ../../../build/robot_ikr/robot_ikr.egg-info/requires.txt
[0.390s] writing top-level names to ../../../build/robot_ikr/robot_ikr.egg-info/top_level.txt
[0.431s] reading manifest file '../../../build/robot_ikr/robot_ikr.egg-info/SOURCES.txt'
[0.432s] writing manifest file '../../../build/robot_ikr/robot_ikr.egg-info/SOURCES.txt'
[0.432s] running build
[0.432s] running build_py
[0.433s] running install
[0.433s] running install_lib
[0.435s] writing byte-compilation script '/tmp/tmpu5p32i2c.py'
[0.435s] /usr/bin/python3 -O /tmp/tmpu5p32i2c.py
[0.462s] removing /tmp/tmpu5p32i2c.py
[0.462s] running install_data
[0.463s] running install_egg_info
[0.467s] removing '/acc/install/robot_ikr/lib/python3.6/site-packages/robot_ikr-0.0.0-py3.6.egg-info' (and everything under it)
[0.467s] Copying ../../../build/robot_ikr/robot_ikr.egg-info to /acc/install/robot_ikr/lib/python3.6/site-packages/robot_ikr-0.0.0-py3.6.egg-info
[0.468s] running install_scripts
[0.503s] Installing robot_control script to /acc/install/robot_ikr/lib/robot_ikr
[0.503s] writing list of installed files to '/acc/build/robot_ikr/install.log'
[0.517s] Invoked command in '/acc/arm_controller_ik_exps/src/robot_ikr' returned '0': PYTHONPATH=/acc/install/robot_ikr/lib/python3.6/site-packages:${PYTHONPATH} /usr/bin/python3 setup.py egg_info --egg-base ../../../build/robot_ikr build --build-base /acc/build/robot_ikr/build install --prefix /acc/install/robot_ikr --record /acc/build/robot_ikr/install.log --single-version-externally-managed
