running egg_info
writing ../../build/ros2_rsv/ros2_rsv.egg-info/PKG-INFO
writing dependency_links to ../../build/ros2_rsv/ros2_rsv.egg-info/dependency_links.txt
writing entry points to ../../build/ros2_rsv/ros2_rsv.egg-info/entry_points.txt
writing requirements to ../../build/ros2_rsv/ros2_rsv.egg-info/requires.txt
writing top-level names to ../../build/ros2_rsv/ros2_rsv.egg-info/top_level.txt
reading manifest file '../../build/ros2_rsv/ros2_rsv.egg-info/SOURCES.txt'
writing manifest file '../../build/ros2_rsv/ros2_rsv.egg-info/SOURCES.txt'
running build
running build_py
copying ros2_rsv/ros2_realsense_viewer.py -> /acc/arm_controller_ik_exps/build/ros2_rsv/build/lib/ros2_rsv
running install
running install_lib
copying /acc/arm_controller_ik_exps/build/ros2_rsv/build/lib/ros2_rsv/ros2_realsense_viewer.py -> /acc/arm_controller_ik_exps/install/ros2_rsv/lib/python3.6/site-packages/ros2_rsv
byte-compiling /acc/arm_controller_ik_exps/install/ros2_rsv/lib/python3.6/site-packages/ros2_rsv/ros2_realsense_viewer.py to ros2_realsense_viewer.cpython-36.pyc
running install_data
running install_egg_info
removing '/acc/arm_controller_ik_exps/install/ros2_rsv/lib/python3.6/site-packages/ros2_rsv-0.0.0-py3.6.egg-info' (and everything under it)
Copying ../../build/ros2_rsv/ros2_rsv.egg-info to /acc/arm_controller_ik_exps/install/ros2_rsv/lib/python3.6/site-packages/ros2_rsv-0.0.0-py3.6.egg-info
running install_scripts
Installing robot_control script to /acc/arm_controller_ik_exps/install/ros2_rsv/lib/ros2_rsv
writing list of installed files to '/acc/arm_controller_ik_exps/build/ros2_rsv/install.log'
