[0.000000] (-) TimerEvent: {}
[0.000000] (robot_ikr) JobQueued: {'identifier': 'robot_ikr', 'dependencies': OrderedDict()}
[0.000000] (robot_ikr) JobStarted: {'identifier': 'robot_ikr'}
[0.110000] (-) TimerEvent: {}
[0.219000] (-) TimerEvent: {}
[0.329000] (-) TimerEvent: {}
[0.344000] (robot_ikr) Command: {'cmd': ['c:\\python37\\python.exe', 'setup.py', 'egg_info', '--egg-base', '..\\..\\build\\robot_ikr', 'build', '--build-base', 'D:\\arm_controller_code\\arm_controller_ik_exps\\build\\robot_ikr\\build', 'install', '--prefix', 'D:\\arm_controller_code\\arm_controller_ik_exps\\install\\robot_ikr', '--record', 'D:\\arm_controller_code\\arm_controller_ik_exps\\build\\robot_ikr\\install.log', '--single-version-externally-managed'], 'cwd': 'D:\\arm_controller_code\\arm_controller_ik_exps\\src\\robot_ikr', 'env': {'ALLUSERSPROFILE': 'C:\\ProgramData', 'AMDRMPATH': 'C:\\Program Files\\AMD\\RyzenMaster\\', 'AMENT_PREFIX_PATH': 'D:\\arm_controller_code\\arm_controller_ik_exps\\install\\robot_ikr;C:\\ros2_dashing', 'APPDATA': 'C:\\Users\\shovon\\AppData\\Roaming', 'CAMLIBS': 'C:\\Program Files\\darktable\\lib\\libgphoto2\\2.5.23', 'ChocolateyInstall': 'C:\\ProgramData\\chocolatey', 'ChocolateyLastPathUpdate': '132512799255133694', 'CMAKE_PREFIX_PATH': 'C:\\ros2_dashing', 'COLCON': '1', 'COLCON_PREFIX_PATH': 'D:\\arm_controller_code\\arm_controller_ik_exps\\install\\;C:\\ros2_dashing\\', 'CommonProgramFiles': 'C:\\Program Files\\Common Files', 'CommonProgramFiles(x86)': 'C:\\Program Files (x86)\\Common Files', 'CommonProgramW6432': 'C:\\Program Files\\Common Files', 'COMPUTERNAME': 'DESKTOP-LMHDF2E', 'ComSpec': 'C:\\Windows\\system32\\cmd.exe', 'CUDA_PATH': 'C:\\Program Files\\NVIDIA GPU Computing Toolkit\\CUDA\\v10.1', 'CUDA_PATH_V10_1': 'C:\\Program Files\\NVIDIA GPU Computing Toolkit\\CUDA\\v10.1', 'DriverData': 'C:\\Windows\\System32\\Drivers\\DriverData', 'HOMEDRIVE': 'C:', 'HOMEPATH': '\\Users\\shovon', 'IOLIBS': 'C:\\Program Files\\darktable\\lib\\libgphoto2_port\\0.12.0', 'LOCALAPPDATA': 'C:\\Users\\shovon\\AppData\\Local', 'LOGONSERVER': '\\\\DESKTOP-LMHDF2E', 'MAGICK_HOME': 'C:\\Program Files\\darktable\\lib\\GraphicsMagick-1.3.35\\modules-Q8\\coders', 'NUMBER_OF_PROCESSORS': '24', 'NVCUDASAMPLES10_1_ROOT': 'C:\\ProgramData\\NVIDIA Corporation\\CUDA Samples\\v10.1', 'NVCUDASAMPLES_ROOT': 'C:\\ProgramData\\NVIDIA Corporation\\CUDA Samples\\v10.1', 'NVTOOLSEXT_PATH': 'C:\\Program Files\\NVIDIA Corporation\\NvToolsExt\\', 'OneDrive': 'C:\\Users\\shovon\\OneDrive', 'OneDriveConsumer': 'C:\\Users\\shovon\\OneDrive', 'OpenCV_dir': 'D:\\ocv\\opencv\\build\\install', 'OPENSSL_CONF': 'C:\\OpenSSL-Win64\\bin\\openssl.cfg', 'OS': 'Windows_NT', 'Path': 'c:\\python37\\lib\\site-packages\\pywin32_system32;C:\\ros2_dashing\\opt\\yaml_cpp_vendor\\bin;C:\\ros2_dashing\\opt\\rviz_ogre_vendor\\bin;C:\\ros2_dashing\\opt\\rviz_assimp_vendor\\bin;C:\\ros2_dashing\\opt\\libcurl_vendor\\bin;C:\\ros2_dashing\\Scripts;C:\\ros2_dashing\\bin;C:\\Python37\\Scripts\\;C:\\Python37\\;C:\\Program Files (x86)\\Common Files\\Oracle\\Java\\javapath;D:\\ocv\\opencv\\build\\install\\x64\\vc15\\bin;C:\\Program Files\\NVIDIA GPU Computing Toolkit\\CUDA\\v10.1\\libnvvp;C:\\Windows\\system32;C:\\Windows;C:\\Windows\\System32\\Wbem;C:\\Windows\\System32\\WindowsPowerShell\\v1.0\\;C:\\Windows\\System32\\OpenSSH\\;C:\\Program Files (x86)\\NVIDIA Corporation\\PhysX\\Common;C:\\Program Files\\Git\\cmd;C:\\Program Files\\NVIDIA Corporation\\Nsight Compute 2019.1\\;C:\\Program Files\\NVIDIA Corporation\\NVIDIA NvDLISR;C:\\cuda;C:\\Program Files\\NVIDIA GPU Computing Toolkit\\CUDA\\v10.1\\bin;C:\\Program Files (x86)\\Bitvise SSH Client;C:\\Program Files\\PuTTY\\;C:\\ProgramData\\chocolatey\\bin;C:\\OpenSSL-Win64\\bin;C:\\ProgramData\\chocolatey\\lib\\cunit\\lib;C:\\ProgramData\\chocolatey\\lib\\tinyxml2\\lib;C:\\ProgramData\\chocolatey\\lib\\log4cxx\\lib;C:\\Program Files\\CMake\\bin;C:\\Users\\shovon\\AppData\\Local\\Microsoft\\WindowsApps;;C:\\Users\\shovon\\AppData\\Local\\Programs\\Microsoft VS Code\\bin', 'PATHEXT': '.COM;.EXE;.BAT;.CMD;.VBS;.VBE;.JS;.JSE;.WSF;.WSH;.MSC;.PY;.PYW', 'PKG_CONFIG_PATH': 'C:\\ros2_dashing\\lib\\pkgconfig', 'PROCESSOR_ARCHITECTURE': 'AMD64', 'PROCESSOR_IDENTIFIER': 'AMD64 Family 23 Model 113 Stepping 0, AuthenticAMD', 'PROCESSOR_LEVEL': '23', 'PROCESSOR_REVISION': '7100', 'ProgramData': 'C:\\ProgramData', 'ProgramFiles': 'C:\\Program Files', 'ProgramFiles(x86)': 'C:\\Program Files (x86)', 'ProgramW6432': 'C:\\Program Files', 'PROMPT': '$P$G', 'PSModulePath': 'C:\\Program Files\\WindowsPowerShell\\Modules;C:\\Windows\\system32\\WindowsPowerShell\\v1.0\\Modules', 'PUBLIC': 'C:\\Users\\Public', 'PYTHONPATH': 'D:\\arm_controller_code\\arm_controller_ik_exps\\install\\robot_ikr\\Lib\\site-packages;D:\\arm_controller_code\\arm_controller_ik_exps\\install\\robot_ikr\\Lib\\site-packages;C:\\ros2_dashing\\Lib\\site-packages', 'ROS_DISTRO': 'dashing', 'ROS_DOMAIN_ID': '123', 'ROS_PYTHON_VERSION': '3', 'ROS_VERSION': '2', 'SESSIONNAME': 'Console', 'SystemDrive': 'C:', 'SystemRoot': 'C:\\Windows', 'TEMP': 'C:\\Users\\shovon\\AppData\\Local\\Temp', 'TMP': 'C:\\Users\\shovon\\AppData\\Local\\Temp', 'USERDOMAIN': 'DESKTOP-LMHDF2E', 'USERDOMAIN_ROAMINGPROFILE': 'DESKTOP-LMHDF2E', 'USERNAME': 'shovon', 'USERPROFILE': 'C:\\Users\\shovon', 'VCPKG_DEFAULT_TRIPLET': 'x64-windows', 'VCPKG_ROOT': 'D:\\vcpkg', 'windir': 'C:\\Windows'}, 'shell': False}
[0.438000] (-) TimerEvent: {}
[0.547000] (-) TimerEvent: {}
[0.579000] (robot_ikr) StdoutLine: {'line': b'running egg_info\r\n'}
[0.579000] (robot_ikr) StdoutLine: {'line': b'writing ..\\..\\build\\robot_ikr\\robot_ikr.egg-info\\PKG-INFO\r\n'}
[0.579000] (robot_ikr) StdoutLine: {'line': b'writing dependency_links to ..\\..\\build\\robot_ikr\\robot_ikr.egg-info\\dependency_links.txt\r\n'}
[0.594000] (robot_ikr) StdoutLine: {'line': b'writing entry points to ..\\..\\build\\robot_ikr\\robot_ikr.egg-info\\entry_points.txt\r\n'}
[0.594000] (robot_ikr) StdoutLine: {'line': b'writing requirements to ..\\..\\build\\robot_ikr\\robot_ikr.egg-info\\requires.txt\r\n'}
[0.594000] (robot_ikr) StdoutLine: {'line': b'writing top-level names to ..\\..\\build\\robot_ikr\\robot_ikr.egg-info\\top_level.txt\r\n'}
[0.610000] (robot_ikr) StdoutLine: {'line': b"reading manifest file '..\\..\\build\\robot_ikr\\robot_ikr.egg-info\\SOURCES.txt'\r\n"}
[0.610000] (robot_ikr) StdoutLine: {'line': b"writing manifest file '..\\..\\build\\robot_ikr\\robot_ikr.egg-info\\SOURCES.txt'\r\n"}
[0.610000] (robot_ikr) StdoutLine: {'line': b'running build\r\n'}
[0.610000] (robot_ikr) StdoutLine: {'line': b'running build_py\r\n'}
[0.610000] (robot_ikr) StdoutLine: {'line': b'copying robot_ikr\\robot_control.py -> D:\\arm_controller_code\\arm_controller_ik_exps\\build\\robot_ikr\\build\\lib\\robot_ikr\r\n'}
[0.610000] (robot_ikr) StdoutLine: {'line': b'running install\r\n'}
[0.610000] (robot_ikr) StdoutLine: {'line': b'running install_lib\r\n'}
[0.610000] (robot_ikr) StdoutLine: {'line': b'copying D:\\arm_controller_code\\arm_controller_ik_exps\\build\\robot_ikr\\build\\lib\\robot_ikr\\robot_control.py -> D:\\arm_controller_code\\arm_controller_ik_exps\\install\\robot_ikr\\Lib\\site-packages\\robot_ikr\r\n'}
[0.610000] (robot_ikr) StdoutLine: {'line': b'byte-compiling D:\\arm_controller_code\\arm_controller_ik_exps\\install\\robot_ikr\\Lib\\site-packages\\robot_ikr\\robot_control.py to robot_control.cpython-37.pyc\r\n'}
[0.610000] (robot_ikr) StdoutLine: {'line': b'running install_data\r\n'}
[0.610000] (robot_ikr) StdoutLine: {'line': b'running install_egg_info\r\n'}
[0.610000] (robot_ikr) StdoutLine: {'line': b"removing 'D:\\arm_controller_code\\arm_controller_ik_exps\\install\\robot_ikr\\Lib\\site-packages\\robot_ikr-0.0.0-py3.7.egg-info' (and everything under it)\r\n"}
[0.610000] (robot_ikr) StdoutLine: {'line': b'Copying ..\\..\\build\\robot_ikr\\robot_ikr.egg-info to D:\\arm_controller_code\\arm_controller_ik_exps\\install\\robot_ikr\\Lib\\site-packages\\robot_ikr-0.0.0-py3.7.egg-info\r\n'}
[0.625000] (robot_ikr) StdoutLine: {'line': b'running install_scripts\r\n'}
[0.641000] (robot_ikr) StdoutLine: {'line': b'Installing robot_control-script.py script to D:\\arm_controller_code\\arm_controller_ik_exps\\install\\robot_ikr\\lib\\robot_ikr\r\n'}
[0.641000] (robot_ikr) StdoutLine: {'line': b'Installing robot_control.exe script to D:\\arm_controller_code\\arm_controller_ik_exps\\install\\robot_ikr\\lib\\robot_ikr\r\n'}
[0.641000] (robot_ikr) StdoutLine: {'line': b"writing list of installed files to 'D:\\arm_controller_code\\arm_controller_ik_exps\\build\\robot_ikr\\install.log'\r\n"}
[0.657000] (-) TimerEvent: {}
[0.657000] (robot_ikr) CommandEnded: {'returncode': 0}
[0.688000] (robot_ikr) JobEnded: {'identifier': 'robot_ikr', 'rc': 0}
[0.688000] (-) EventReactorShutdown: {}
