[0.194s] Invoking command in '/acc/arm_controller_ik_exps/src/robot_ikr': PYTHONPATH=/acc/install/robot_ikr/lib/python3.6/site-packages:${PYTHONPATH} /usr/bin/python3 setup.py egg_info --egg-base ../../../build/robot_ikr build --build-base /acc/build/robot_ikr/build install --prefix /acc/install/robot_ikr --record /acc/build/robot_ikr/install.log --single-version-externally-managed
[0.366s] running egg_info
[0.367s] writing ../../../build/robot_ikr/robot_ikr.egg-info/PKG-INFO
[0.367s] writing dependency_links to ../../../build/robot_ikr/robot_ikr.egg-info/dependency_links.txt
[0.367s] writing entry points to ../../../build/robot_ikr/robot_ikr.egg-info/entry_points.txt
[0.367s] writing requirements to ../../../build/robot_ikr/robot_ikr.egg-info/requires.txt
[0.367s] writing top-level names to ../../../build/robot_ikr/robot_ikr.egg-info/top_level.txt
[0.392s] reading manifest file '../../../build/robot_ikr/robot_ikr.egg-info/SOURCES.txt'
[0.392s] writing manifest file '../../../build/robot_ikr/robot_ikr.egg-info/SOURCES.txt'
[0.393s] running build
[0.393s] running build_py
[0.393s] copying robot_ikr/robot_control.py -> /acc/build/robot_ikr/build/lib/robot_ikr
[0.393s] running install
[0.393s] running install_lib
[0.393s] copying /acc/build/robot_ikr/build/lib/robot_ikr/robot_control.py -> /acc/install/robot_ikr/lib/python3.6/site-packages/robot_ikr
[0.394s] writing byte-compilation script '/tmp/tmp4xyyn30n.py'
[0.394s] /usr/bin/python3 -O /tmp/tmp4xyyn30n.py
[0.421s]   File "/acc/install/robot_ikr/lib/python3.6/site-packages/robot_ikr/robot_control.py", line 22
[0.422s]     return (p_left.x<self.x<p_right.x) and (p_left.y<self.y<p_right.y):
[0.422s]                                                                       ^
[0.422s] SyntaxError: invalid syntax
[0.422s] 
[0.424s] removing /tmp/tmp4xyyn30n.py
[0.424s] running install_data
[0.424s] running install_egg_info
[0.427s] removing '/acc/install/robot_ikr/lib/python3.6/site-packages/robot_ikr-0.0.0-py3.6.egg-info' (and everything under it)
[0.427s] Copying ../../../build/robot_ikr/robot_ikr.egg-info to /acc/install/robot_ikr/lib/python3.6/site-packages/robot_ikr-0.0.0-py3.6.egg-info
[0.428s] running install_scripts
[0.445s] Installing robot_control script to /acc/install/robot_ikr/lib/robot_ikr
[0.446s] writing list of installed files to '/acc/build/robot_ikr/install.log'
[0.460s] Invoked command in '/acc/arm_controller_ik_exps/src/robot_ikr' returned '0': PYTHONPATH=/acc/install/robot_ikr/lib/python3.6/site-packages:${PYTHONPATH} /usr/bin/python3 setup.py egg_info --egg-base ../../../build/robot_ikr build --build-base /acc/build/robot_ikr/build install --prefix /acc/install/robot_ikr --record /acc/build/robot_ikr/install.log --single-version-externally-managed
