running egg_info
creating ..\..\build\ros2_rsv\ros2_rsv.egg-info
writing ..\..\build\ros2_rsv\ros2_rsv.egg-info\PKG-INFO
writing dependency_links to ..\..\build\ros2_rsv\ros2_rsv.egg-info\dependency_links.txt
writing entry points to ..\..\build\ros2_rsv\ros2_rsv.egg-info\entry_points.txt
writing requirements to ..\..\build\ros2_rsv\ros2_rsv.egg-info\requires.txt
writing top-level names to ..\..\build\ros2_rsv\ros2_rsv.egg-info\top_level.txt
writing manifest file '..\..\build\ros2_rsv\ros2_rsv.egg-info\SOURCES.txt'
reading manifest file '..\..\build\ros2_rsv\ros2_rsv.egg-info\SOURCES.txt'
writing manifest file '..\..\build\ros2_rsv\ros2_rsv.egg-info\SOURCES.txt'
running build
running build_py
creating D:\arm_controller_code\arm_controller_ik_exps\build\ros2_rsv\build
creating D:\arm_controller_code\arm_controller_ik_exps\build\ros2_rsv\build\lib
creating D:\arm_controller_code\arm_controller_ik_exps\build\ros2_rsv\build\lib\ros2_rsv
copying ros2_rsv\ros2_realsense_viewer.py -> D:\arm_controller_code\arm_controller_ik_exps\build\ros2_rsv\build\lib\ros2_rsv
copying ros2_rsv\__init__.py -> D:\arm_controller_code\arm_controller_ik_exps\build\ros2_rsv\build\lib\ros2_rsv
running install
running install_lib
creating D:\arm_controller_code\arm_controller_ik_exps\install\ros2_rsv\Lib\site-packages\ros2_rsv
copying D:\arm_controller_code\arm_controller_ik_exps\build\ros2_rsv\build\lib\ros2_rsv\ros2_realsense_viewer.py -> D:\arm_controller_code\arm_controller_ik_exps\install\ros2_rsv\Lib\site-packages\ros2_rsv
copying D:\arm_controller_code\arm_controller_ik_exps\build\ros2_rsv\build\lib\ros2_rsv\__init__.py -> D:\arm_controller_code\arm_controller_ik_exps\install\ros2_rsv\Lib\site-packages\ros2_rsv
byte-compiling D:\arm_controller_code\arm_controller_ik_exps\install\ros2_rsv\Lib\site-packages\ros2_rsv\ros2_realsense_viewer.py to ros2_realsense_viewer.cpython-37.pyc
byte-compiling D:\arm_controller_code\arm_controller_ik_exps\install\ros2_rsv\Lib\site-packages\ros2_rsv\__init__.py to __init__.cpython-37.pyc
running install_data
creating D:\arm_controller_code\arm_controller_ik_exps\install\ros2_rsv\share\ament_index
creating D:\arm_controller_code\arm_controller_ik_exps\install\ros2_rsv\share\ament_index\resource_index
creating D:\arm_controller_code\arm_controller_ik_exps\install\ros2_rsv\share\ament_index\resource_index\packages
copying resource\ros2_rsv -> D:\arm_controller_code\arm_controller_ik_exps\install\ros2_rsv\share\ament_index\resource_index\packages
copying package.xml -> D:\arm_controller_code\arm_controller_ik_exps\install\ros2_rsv\share\ros2_rsv
running install_egg_info
Copying ..\..\build\ros2_rsv\ros2_rsv.egg-info to D:\arm_controller_code\arm_controller_ik_exps\install\ros2_rsv\Lib\site-packages\ros2_rsv-0.0.0-py3.7.egg-info
running install_scripts
Installing robot_control-script.py script to D:\arm_controller_code\arm_controller_ik_exps\install\ros2_rsv\lib\ros2_rsv
Installing robot_control.exe script to D:\arm_controller_code\arm_controller_ik_exps\install\ros2_rsv\lib\ros2_rsv
writing list of installed files to 'D:\arm_controller_code\arm_controller_ik_exps\build\ros2_rsv\install.log'
