[0.199s] Invoking command in '/acc/arm_controller_ik_exps/src/robot_ikr': PYTHONPATH=/acc/install/robot_ikr/lib/python3.6/site-packages:${PYTHONPATH} /usr/bin/python3 setup.py egg_info --egg-base ../../../build/robot_ikr build --build-base /acc/build/robot_ikr/build install --prefix /acc/install/robot_ikr --record /acc/build/robot_ikr/install.log --single-version-externally-managed
[0.368s] running egg_info
[0.369s] writing ../../../build/robot_ikr/robot_ikr.egg-info/PKG-INFO
[0.369s] writing dependency_links to ../../../build/robot_ikr/robot_ikr.egg-info/dependency_links.txt
[0.369s] writing entry points to ../../../build/robot_ikr/robot_ikr.egg-info/entry_points.txt
[0.369s] writing requirements to ../../../build/robot_ikr/robot_ikr.egg-info/requires.txt
[0.369s] writing top-level names to ../../../build/robot_ikr/robot_ikr.egg-info/top_level.txt
[0.393s] reading manifest file '../../../build/robot_ikr/robot_ikr.egg-info/SOURCES.txt'
[0.394s] writing manifest file '../../../build/robot_ikr/robot_ikr.egg-info/SOURCES.txt'
[0.394s] running build
[0.394s] running build_py
[0.394s] copying robot_ikr/robot_control.py -> /acc/build/robot_ikr/build/lib/robot_ikr
[0.394s] running install
[0.394s] running install_lib
[0.395s] copying /acc/build/robot_ikr/build/lib/robot_ikr/robot_control.py -> /acc/install/robot_ikr/lib/python3.6/site-packages/robot_ikr
[0.395s] writing byte-compilation script '/tmp/tmpemgnej7j.py'
[0.395s] /usr/bin/python3 -O /tmp/tmpemgnej7j.py
[0.424s] removing /tmp/tmpemgnej7j.py
[0.424s] running install_data
[0.425s] running install_egg_info
[0.427s] removing '/acc/install/robot_ikr/lib/python3.6/site-packages/robot_ikr-0.0.0-py3.6.egg-info' (and everything under it)
[0.428s] Copying ../../../build/robot_ikr/robot_ikr.egg-info to /acc/install/robot_ikr/lib/python3.6/site-packages/robot_ikr-0.0.0-py3.6.egg-info
[0.428s] running install_scripts
[0.445s] Installing robot_control script to /acc/install/robot_ikr/lib/robot_ikr
[0.445s] writing list of installed files to '/acc/build/robot_ikr/install.log'
[0.459s] Invoked command in '/acc/arm_controller_ik_exps/src/robot_ikr' returned '0': PYTHONPATH=/acc/install/robot_ikr/lib/python3.6/site-packages:${PYTHONPATH} /usr/bin/python3 setup.py egg_info --egg-base ../../../build/robot_ikr build --build-base /acc/build/robot_ikr/build install --prefix /acc/install/robot_ikr --record /acc/build/robot_ikr/install.log --single-version-externally-managed
