running egg_info
writing ../../build/robot_ikr/robot_ikr.egg-info/PKG-INFO
writing dependency_links to ../../build/robot_ikr/robot_ikr.egg-info/dependency_links.txt
writing entry points to ../../build/robot_ikr/robot_ikr.egg-info/entry_points.txt
writing requirements to ../../build/robot_ikr/robot_ikr.egg-info/requires.txt
writing top-level names to ../../build/robot_ikr/robot_ikr.egg-info/top_level.txt
reading manifest file '../../build/robot_ikr/robot_ikr.egg-info/SOURCES.txt'
writing manifest file '../../build/robot_ikr/robot_ikr.egg-info/SOURCES.txt'
running build
running build_py
running install
running install_lib
creating /acc/arm_controller_ik_exps/install/robot_ikr/lib/python3.6/site-packages/robot_ikr
copying /acc/arm_controller_ik_exps/build/robot_ikr/build/lib/robot_ikr/robot_control.py -> /acc/arm_controller_ik_exps/install/robot_ikr/lib/python3.6/site-packages/robot_ikr
copying /acc/arm_controller_ik_exps/build/robot_ikr/build/lib/robot_ikr/utils.py -> /acc/arm_controller_ik_exps/install/robot_ikr/lib/python3.6/site-packages/robot_ikr
copying /acc/arm_controller_ik_exps/build/robot_ikr/build/lib/robot_ikr/__init__.py -> /acc/arm_controller_ik_exps/install/robot_ikr/lib/python3.6/site-packages/robot_ikr
byte-compiling /acc/arm_controller_ik_exps/install/robot_ikr/lib/python3.6/site-packages/robot_ikr/robot_control.py to robot_control.cpython-36.pyc
byte-compiling /acc/arm_controller_ik_exps/install/robot_ikr/lib/python3.6/site-packages/robot_ikr/utils.py to utils.cpython-36.pyc
byte-compiling /acc/arm_controller_ik_exps/install/robot_ikr/lib/python3.6/site-packages/robot_ikr/__init__.py to __init__.cpython-36.pyc
running install_data
running install_egg_info
Copying ../../build/robot_ikr/robot_ikr.egg-info to /acc/arm_controller_ik_exps/install/robot_ikr/lib/python3.6/site-packages/robot_ikr-0.0.0-py3.6.egg-info
running install_scripts
Installing robot_control script to /acc/arm_controller_ik_exps/install/robot_ikr/lib/robot_ikr
writing list of installed files to '/acc/arm_controller_ik_exps/build/robot_ikr/install.log'
