running egg_info
creating ../../../build/robot_ikr/robot_ikr.egg-info
writing ../../../build/robot_ikr/robot_ikr.egg-info/PKG-INFO
writing dependency_links to ../../../build/robot_ikr/robot_ikr.egg-info/dependency_links.txt
writing entry points to ../../../build/robot_ikr/robot_ikr.egg-info/entry_points.txt
writing requirements to ../../../build/robot_ikr/robot_ikr.egg-info/requires.txt
writing top-level names to ../../../build/robot_ikr/robot_ikr.egg-info/top_level.txt
writing manifest file '../../../build/robot_ikr/robot_ikr.egg-info/SOURCES.txt'
reading manifest file '../../../build/robot_ikr/robot_ikr.egg-info/SOURCES.txt'
writing manifest file '../../../build/robot_ikr/robot_ikr.egg-info/SOURCES.txt'
running build
running build_py
creating /acc/build/robot_ikr/build
creating /acc/build/robot_ikr/build/lib
creating /acc/build/robot_ikr/build/lib/robot_ikr
copying robot_ikr/robot_control.py -> /acc/build/robot_ikr/build/lib/robot_ikr
copying robot_ikr/__init__.py -> /acc/build/robot_ikr/build/lib/robot_ikr
running install
running install_lib
creating /acc/install/robot_ikr/lib/python3.6/site-packages/robot_ikr
copying /acc/build/robot_ikr/build/lib/robot_ikr/robot_control.py -> /acc/install/robot_ikr/lib/python3.6/site-packages/robot_ikr
copying /acc/build/robot_ikr/build/lib/robot_ikr/__init__.py -> /acc/install/robot_ikr/lib/python3.6/site-packages/robot_ikr
byte-compiling /acc/install/robot_ikr/lib/python3.6/site-packages/robot_ikr/robot_control.py to robot_control.cpython-36.pyc
byte-compiling /acc/install/robot_ikr/lib/python3.6/site-packages/robot_ikr/__init__.py to __init__.cpython-36.pyc
running install_data
creating /acc/install/robot_ikr/share/ament_index
creating /acc/install/robot_ikr/share/ament_index/resource_index
creating /acc/install/robot_ikr/share/ament_index/resource_index/packages
copying resource/robot_ikr -> /acc/install/robot_ikr/share/ament_index/resource_index/packages
copying package.xml -> /acc/install/robot_ikr/share/robot_ikr
running install_egg_info
Copying ../../../build/robot_ikr/robot_ikr.egg-info to /acc/install/robot_ikr/lib/python3.6/site-packages/robot_ikr-0.0.0-py3.6.egg-info
running install_scripts
Installing robot_control script to /acc/install/robot_ikr/lib/robot_ikr
writing list of installed files to '/acc/build/robot_ikr/install.log'
