[0.386s] Invoking command in '/acc/arm_controller_ik_exps/src/robot_ikr': PYTHONPATH=/acc/arm_controller_ik_exps/install/robot_ikr/lib/python3.6/site-packages:${PYTHONPATH} /usr/bin/python3 setup.py egg_info --egg-base ../../build/robot_ikr build --build-base /acc/arm_controller_ik_exps/build/robot_ikr/build install --prefix /acc/arm_controller_ik_exps/install/robot_ikr --record /acc/arm_controller_ik_exps/build/robot_ikr/install.log --single-version-externally-managed
[0.554s] running egg_info
[0.555s] writing ../../build/robot_ikr/robot_ikr.egg-info/PKG-INFO
[0.555s] writing dependency_links to ../../build/robot_ikr/robot_ikr.egg-info/dependency_links.txt
[0.555s] writing entry points to ../../build/robot_ikr/robot_ikr.egg-info/entry_points.txt
[0.555s] writing requirements to ../../build/robot_ikr/robot_ikr.egg-info/requires.txt
[0.555s] writing top-level names to ../../build/robot_ikr/robot_ikr.egg-info/top_level.txt
[0.581s] reading manifest file '../../build/robot_ikr/robot_ikr.egg-info/SOURCES.txt'
[0.581s] writing manifest file '../../build/robot_ikr/robot_ikr.egg-info/SOURCES.txt'
[0.581s] running build
[0.582s] running build_py
[0.582s] running install
[0.582s] running install_lib
[0.583s] running install_data
[0.583s] running install_egg_info
[0.584s] removing '/acc/arm_controller_ik_exps/install/robot_ikr/lib/python3.6/site-packages/robot_ikr-0.0.0-py3.6.egg-info' (and everything under it)
[0.584s] Copying ../../build/robot_ikr/robot_ikr.egg-info to /acc/arm_controller_ik_exps/install/robot_ikr/lib/python3.6/site-packages/robot_ikr-0.0.0-py3.6.egg-info
[0.585s] running install_scripts
[0.598s] Installing robot_control script to /acc/arm_controller_ik_exps/install/robot_ikr/lib/robot_ikr
[0.599s] writing list of installed files to '/acc/arm_controller_ik_exps/build/robot_ikr/install.log'
[0.611s] Invoked command in '/acc/arm_controller_ik_exps/src/robot_ikr' returned '0': PYTHONPATH=/acc/arm_controller_ik_exps/install/robot_ikr/lib/python3.6/site-packages:${PYTHONPATH} /usr/bin/python3 setup.py egg_info --egg-base ../../build/robot_ikr build --build-base /acc/arm_controller_ik_exps/build/robot_ikr/build install --prefix /acc/arm_controller_ik_exps/install/robot_ikr --record /acc/arm_controller_ik_exps/build/robot_ikr/install.log --single-version-externally-managed
