running egg_info
creating ..\..\build\robot_ikr\robot_ikr.egg-info
writing ..\..\build\robot_ikr\robot_ikr.egg-info\PKG-INFO
writing dependency_links to ..\..\build\robot_ikr\robot_ikr.egg-info\dependency_links.txt
writing entry points to ..\..\build\robot_ikr\robot_ikr.egg-info\entry_points.txt
writing requirements to ..\..\build\robot_ikr\robot_ikr.egg-info\requires.txt
writing top-level names to ..\..\build\robot_ikr\robot_ikr.egg-info\top_level.txt
writing manifest file '..\..\build\robot_ikr\robot_ikr.egg-info\SOURCES.txt'
reading manifest file '..\..\build\robot_ikr\robot_ikr.egg-info\SOURCES.txt'
writing manifest file '..\..\build\robot_ikr\robot_ikr.egg-info\SOURCES.txt'
running build
running build_py
creating D:\arm_controller_code\arm_controller_ik_exps\build\robot_ikr\build
creating D:\arm_controller_code\arm_controller_ik_exps\build\robot_ikr\build\lib
creating D:\arm_controller_code\arm_controller_ik_exps\build\robot_ikr\build\lib\robot_ikr
copying robot_ikr\robot_control.py -> D:\arm_controller_code\arm_controller_ik_exps\build\robot_ikr\build\lib\robot_ikr
copying robot_ikr\__init__.py -> D:\arm_controller_code\arm_controller_ik_exps\build\robot_ikr\build\lib\robot_ikr
running install
running install_lib
creating D:\arm_controller_code\arm_controller_ik_exps\install\robot_ikr\Lib\site-packages\robot_ikr
copying D:\arm_controller_code\arm_controller_ik_exps\build\robot_ikr\build\lib\robot_ikr\robot_control.py -> D:\arm_controller_code\arm_controller_ik_exps\install\robot_ikr\Lib\site-packages\robot_ikr
copying D:\arm_controller_code\arm_controller_ik_exps\build\robot_ikr\build\lib\robot_ikr\__init__.py -> D:\arm_controller_code\arm_controller_ik_exps\install\robot_ikr\Lib\site-packages\robot_ikr
byte-compiling D:\arm_controller_code\arm_controller_ik_exps\install\robot_ikr\Lib\site-packages\robot_ikr\robot_control.py to robot_control.cpython-37.pyc
byte-compiling D:\arm_controller_code\arm_controller_ik_exps\install\robot_ikr\Lib\site-packages\robot_ikr\__init__.py to __init__.cpython-37.pyc
running install_data
creating D:\arm_controller_code\arm_controller_ik_exps\install\robot_ikr\share\ament_index
creating D:\arm_controller_code\arm_controller_ik_exps\install\robot_ikr\share\ament_index\resource_index
creating D:\arm_controller_code\arm_controller_ik_exps\install\robot_ikr\share\ament_index\resource_index\packages
copying resource\robot_ikr -> D:\arm_controller_code\arm_controller_ik_exps\install\robot_ikr\share\ament_index\resource_index\packages
copying package.xml -> D:\arm_controller_code\arm_controller_ik_exps\install\robot_ikr\share\robot_ikr
running install_egg_info
Copying ..\..\build\robot_ikr\robot_ikr.egg-info to D:\arm_controller_code\arm_controller_ik_exps\install\robot_ikr\Lib\site-packages\robot_ikr-0.0.0-py3.7.egg-info
running install_scripts
Installing robot_control-script.py script to D:\arm_controller_code\arm_controller_ik_exps\install\robot_ikr\lib\robot_ikr
Installing robot_control.exe script to D:\arm_controller_code\arm_controller_ik_exps\install\robot_ikr\lib\robot_ikr
writing list of installed files to 'D:\arm_controller_code\arm_controller_ik_exps\build\robot_ikr\install.log'
