[0.375s] Invoking command in 'D:\arm_controller_code\arm_controller_ik_exps\src\robot_ikr': PYTHONPATH=D:\arm_controller_code\arm_controller_ik_exps\install\robot_ikr\Lib\site-packages;%PYTHONPATH% c:\python37\python.exe setup.py egg_info --egg-base ..\..\build\robot_ikr build --build-base D:\arm_controller_code\arm_controller_ik_exps\build\robot_ikr\build install --prefix D:\arm_controller_code\arm_controller_ik_exps\install\robot_ikr --record D:\arm_controller_code\arm_controller_ik_exps\build\robot_ikr\install.log --single-version-externally-managed
[0.625s] running egg_info
[0.625s] creating ..\..\build\robot_ikr\robot_ikr.egg-info
[0.625s] writing ..\..\build\robot_ikr\robot_ikr.egg-info\PKG-INFO
[0.625s] writing dependency_links to ..\..\build\robot_ikr\robot_ikr.egg-info\dependency_links.txt
[0.625s] writing entry points to ..\..\build\robot_ikr\robot_ikr.egg-info\entry_points.txt
[0.625s] writing requirements to ..\..\build\robot_ikr\robot_ikr.egg-info\requires.txt
[0.625s] writing top-level names to ..\..\build\robot_ikr\robot_ikr.egg-info\top_level.txt
[0.625s] writing manifest file '..\..\build\robot_ikr\robot_ikr.egg-info\SOURCES.txt'
[0.687s] reading manifest file '..\..\build\robot_ikr\robot_ikr.egg-info\SOURCES.txt'
[0.687s] writing manifest file '..\..\build\robot_ikr\robot_ikr.egg-info\SOURCES.txt'
[0.687s] running build
[0.687s] running build_py
[0.687s] creating D:\arm_controller_code\arm_controller_ik_exps\build\robot_ikr\build
[0.687s] creating D:\arm_controller_code\arm_controller_ik_exps\build\robot_ikr\build\lib
[0.687s] creating D:\arm_controller_code\arm_controller_ik_exps\build\robot_ikr\build\lib\robot_ikr
[0.687s] copying robot_ikr\robot_control.py -> D:\arm_controller_code\arm_controller_ik_exps\build\robot_ikr\build\lib\robot_ikr
[0.687s] copying robot_ikr\__init__.py -> D:\arm_controller_code\arm_controller_ik_exps\build\robot_ikr\build\lib\robot_ikr
[0.687s] running install
[0.687s] running install_lib
[0.687s] creating D:\arm_controller_code\arm_controller_ik_exps\install\robot_ikr\Lib\site-packages\robot_ikr
[0.687s] copying D:\arm_controller_code\arm_controller_ik_exps\build\robot_ikr\build\lib\robot_ikr\robot_control.py -> D:\arm_controller_code\arm_controller_ik_exps\install\robot_ikr\Lib\site-packages\robot_ikr
[0.687s] copying D:\arm_controller_code\arm_controller_ik_exps\build\robot_ikr\build\lib\robot_ikr\__init__.py -> D:\arm_controller_code\arm_controller_ik_exps\install\robot_ikr\Lib\site-packages\robot_ikr
[0.687s] byte-compiling D:\arm_controller_code\arm_controller_ik_exps\install\robot_ikr\Lib\site-packages\robot_ikr\robot_control.py to robot_control.cpython-37.pyc
[0.687s] byte-compiling D:\arm_controller_code\arm_controller_ik_exps\install\robot_ikr\Lib\site-packages\robot_ikr\__init__.py to __init__.cpython-37.pyc
[0.687s] running install_data
[0.687s] creating D:\arm_controller_code\arm_controller_ik_exps\install\robot_ikr\share\ament_index
[0.703s] creating D:\arm_controller_code\arm_controller_ik_exps\install\robot_ikr\share\ament_index\resource_index
[0.703s] creating D:\arm_controller_code\arm_controller_ik_exps\install\robot_ikr\share\ament_index\resource_index\packages
[0.703s] copying resource\robot_ikr -> D:\arm_controller_code\arm_controller_ik_exps\install\robot_ikr\share\ament_index\resource_index\packages
[0.703s] copying package.xml -> D:\arm_controller_code\arm_controller_ik_exps\install\robot_ikr\share\robot_ikr
[0.703s] running install_egg_info
[0.703s] Copying ..\..\build\robot_ikr\robot_ikr.egg-info to D:\arm_controller_code\arm_controller_ik_exps\install\robot_ikr\Lib\site-packages\robot_ikr-0.0.0-py3.7.egg-info
[0.719s] running install_scripts
[0.734s] Installing robot_control-script.py script to D:\arm_controller_code\arm_controller_ik_exps\install\robot_ikr\lib\robot_ikr
[0.734s] Installing robot_control.exe script to D:\arm_controller_code\arm_controller_ik_exps\install\robot_ikr\lib\robot_ikr
[0.750s] writing list of installed files to 'D:\arm_controller_code\arm_controller_ik_exps\build\robot_ikr\install.log'
[0.765s] Invoked command in 'D:\arm_controller_code\arm_controller_ik_exps\src\robot_ikr' returned '0': PYTHONPATH=D:\arm_controller_code\arm_controller_ik_exps\install\robot_ikr\Lib\site-packages;%PYTHONPATH% c:\python37\python.exe setup.py egg_info --egg-base ..\..\build\robot_ikr build --build-base D:\arm_controller_code\arm_controller_ik_exps\build\robot_ikr\build install --prefix D:\arm_controller_code\arm_controller_ik_exps\install\robot_ikr --record D:\arm_controller_code\arm_controller_ik_exps\build\robot_ikr\install.log --single-version-externally-managed
