[0.197s] Invoking command in '/acc/arm_controller_ik_exps/src/robot_ikr': PYTHONPATH=/acc/install/robot_ikr/lib/python3.6/site-packages:${PYTHONPATH} /usr/bin/python3 setup.py egg_info --egg-base ../../../build/robot_ikr build --build-base /acc/build/robot_ikr/build install --prefix /acc/install/robot_ikr --record /acc/build/robot_ikr/install.log --single-version-externally-managed
[0.362s] running egg_info
[0.362s] writing ../../../build/robot_ikr/robot_ikr.egg-info/PKG-INFO
[0.362s] writing dependency_links to ../../../build/robot_ikr/robot_ikr.egg-info/dependency_links.txt
[0.362s] writing entry points to ../../../build/robot_ikr/robot_ikr.egg-info/entry_points.txt
[0.362s] writing requirements to ../../../build/robot_ikr/robot_ikr.egg-info/requires.txt
[0.363s] writing top-level names to ../../../build/robot_ikr/robot_ikr.egg-info/top_level.txt
[0.387s] reading manifest file '../../../build/robot_ikr/robot_ikr.egg-info/SOURCES.txt'
[0.387s] writing manifest file '../../../build/robot_ikr/robot_ikr.egg-info/SOURCES.txt'
[0.387s] running build
[0.388s] running build_py
[0.388s] copying robot_ikr/robot_control.py -> /acc/build/robot_ikr/build/lib/robot_ikr
[0.388s] copying robot_ikr/utils.py -> /acc/build/robot_ikr/build/lib/robot_ikr
[0.388s] running install
[0.388s] running install_lib
[0.388s] copying /acc/build/robot_ikr/build/lib/robot_ikr/robot_control.py -> /acc/install/robot_ikr/lib/python3.6/site-packages/robot_ikr
[0.388s] copying /acc/build/robot_ikr/build/lib/robot_ikr/utils.py -> /acc/install/robot_ikr/lib/python3.6/site-packages/robot_ikr
[0.389s] writing byte-compilation script '/tmp/tmpzdy9ol7r.py'
[0.389s] /usr/bin/python3 -O /tmp/tmpzdy9ol7r.py
[0.420s] removing /tmp/tmpzdy9ol7r.py
[0.420s] running install_data
[0.421s] running install_egg_info
[0.423s] removing '/acc/install/robot_ikr/lib/python3.6/site-packages/robot_ikr-0.0.0-py3.6.egg-info' (and everything under it)
[0.423s] Copying ../../../build/robot_ikr/robot_ikr.egg-info to /acc/install/robot_ikr/lib/python3.6/site-packages/robot_ikr-0.0.0-py3.6.egg-info
[0.424s] running install_scripts
[0.441s] Installing robot_control script to /acc/install/robot_ikr/lib/robot_ikr
[0.441s] writing list of installed files to '/acc/build/robot_ikr/install.log'
[0.455s] Invoked command in '/acc/arm_controller_ik_exps/src/robot_ikr' returned '0': PYTHONPATH=/acc/install/robot_ikr/lib/python3.6/site-packages:${PYTHONPATH} /usr/bin/python3 setup.py egg_info --egg-base ../../../build/robot_ikr build --build-base /acc/build/robot_ikr/build install --prefix /acc/install/robot_ikr --record /acc/build/robot_ikr/install.log --single-version-externally-managed
